<?xml version="1.0" encoding="UTF-8"?>
<!-- Generated by org.testng.reporters.JUnitReportReporter -->
<testsuite hostname="DESKTOP-3GARBIO" failures="0" tests="1" name="actiTimeLoginModuleTest.ActiTimetestclass" time="27.444" errors="0" timestamp="2025-05-19T22:47:13 IST" skipped="0">
  <testcase classname="actiTimeLoginModuleTest.ActiTimetestclass" name="verifyfeaturesitle" time="27.444"/>
</testsuite> <!-- actiTimeLoginModuleTest.ActiTimetestclass -->
